<!DOCTYPE html PUBLIC "-//W3C//DTD XHTML 1.1//EN" "http://www.w3.org/TR/xhtml11/DTD/xhtml11.dtd">
<html xmlns="http://www.w3.org/1999/xhtml"><head><title>TestNG Report</title><style type="text/css">table {margin-bottom:10px;border-collapse:collapse;empty-cells:show}th,td {border:1px solid #009;padding:.25em .5em}th {vertical-align:bottom}td {vertical-align:top}table a {font-weight:bold}.stripe td {background-color: #E6EBF9}.num {text-align:right}.passedodd td {background-color: #3F3}.passedeven td {background-color: #0A0}.skippedodd td {background-color: #DDD}.skippedeven td {background-color: #CCC}.failedodd td,.attn {background-color: #F33}.failedeven td,.stripe .attn {background-color: #D00}.stacktrace {white-space:pre;font-family:monospace}.totop {font-size:85%;text-align:center;border-bottom:2px solid #000}</style></head><body><table><tr><th>Test</th><th># Passed</th><th># Skipped</th><th># Failed</th><th>Time (ms)</th><th>Included Groups</th><th>Excluded Groups</th></tr><tr><th colspan="7">Portal 2 Tomcat 2 Test</th></tr><tr><td><a href="#t0">Portal2 Tomcat 2 Test Run</a></td><td class="num">2</td><td class="num">0</td><td class="num attn">1</td><td class="num">31,268</td><td></td><td></td></tr></table><table><thead><tr><th>Class</th><th>Method</th><th>Start</th><th>Time (ms)</th></tr></thead><tbody><tr><th colspan="4">Portal 2 Tomcat 2 Test</th></tr></tbody><tbody id="t0"><tr><th colspan="4">Portal2 Tomcat 2 Test Run &#8212; failed</th></tr><tr class="failedeven"><td rowspan="1">com.lh.common.tests.NewLodgementPageTomcatTest</td><td><a href="#m0">verifyNewLodgementPageTitle</a></td><td rowspan="1">1460665992772</td><td rowspan="1">40</td></tr><tr><th colspan="4">Portal2 Tomcat 2 Test Run &#8212; passed</th></tr><tr class="passedeven"><td rowspan="2">com.lh.common.tests.NewLodgementPageTomcatTest</td><td><a href="#m1">verifyChangeEmailPage</a></td><td rowspan="1">1460665975421</td><td rowspan="1">9467</td></tr><tr class="passedeven"><td><a href="#m2">verifyNewLodgementCFL</a></td><td rowspan="1">1460665984890</td><td rowspan="1">7880</td></tr></tbody></table><h2>Portal2 Tomcat 2 Test Run</h2><h3 id="m0">com.lh.common.tests.NewLodgementPageTomcatTest#verifyNewLodgementPageTitle</h3><table class="result"><tr><th>Exception</th></tr><tr><td><div class="stacktrace">org.openqa.selenium.NoSuchElementException: Unable to locate element: {&quot;method&quot;:&quot;xpath&quot;,&quot;selector&quot;:&quot;//span[@id=&apos;NewLodgementMenuText&apos;]&quot;}
Command duration or timeout: 32 milliseconds
For documentation on this error, please visit: http://seleniumhq.org/exceptions/no_such_element.html
Build info: version: &apos;2.52.0&apos;, revision: &apos;4c2593c&apos;, time: &apos;2016-02-11 19:03:33&apos;
System info: host: &apos;biggy&apos;, ip: &apos;192.168.1.56&apos;, os.name: &apos;Windows 10&apos;, os.arch: &apos;amd64&apos;, os.version: &apos;10.0&apos;, java.version: &apos;1.8.0_77&apos;
Driver info: org.openqa.selenium.firefox.FirefoxDriver
Capabilities [{applicationCacheEnabled=true, rotatable=false, handlesAlerts=true, databaseEnabled=true, version=41.0.2, platform=WINDOWS, nativeEvents=false, acceptSslCerts=true, webStorageEnabled=true, locationContextEnabled=true, browserName=firefox, takesScreenshot=true, javascriptEnabled=true, cssSelectorsEnabled=true}]
Session ID: d2495ccb-b95e-442c-a47f-5d0a241f9c4c
*** Element info: {Using=xpath, value=//span[@id=&apos;NewLodgementMenuText&apos;]}
	at org.openqa.selenium.remote.ErrorHandler.createThrowable(ErrorHandler.java:206)
	at org.openqa.selenium.remote.ErrorHandler.throwIfResponseFailed(ErrorHandler.java:158)
	at org.openqa.selenium.remote.RemoteWebDriver.execute(RemoteWebDriver.java:678)
	at org.openqa.selenium.remote.RemoteWebDriver.findElement(RemoteWebDriver.java:363)
	at org.openqa.selenium.remote.RemoteWebDriver.findElementByXPath(RemoteWebDriver.java:500)
	at org.openqa.selenium.By$ByXPath.findElement(By.java:361)
	at org.openqa.selenium.remote.RemoteWebDriver.findElement(RemoteWebDriver.java:355)
	at com.lh.common.pageobjects.SignInPageTomcat.clickonNewLodgementLink(SignInPageTomcat.java:78)
	at com.lh.common.tests.NewLodgementPageTomcatTest.verifyNewLodgementPageTitle(NewLodgementPageTomcatTest.java:82)
Caused by: org.openqa.selenium.NoSuchElementException: Unable to locate element: {&quot;method&quot;:&quot;xpath&quot;,&quot;selector&quot;:&quot;//span[@id=&apos;NewLodgementMenuText&apos;]&quot;}
For documentation on this error, please visit: http://seleniumhq.org/exceptions/no_such_element.html
Build info: version: &apos;2.52.0&apos;, revision: &apos;4c2593c&apos;, time: &apos;2016-02-11 19:03:33&apos;
System info: host: &apos;biggy&apos;, ip: &apos;192.168.1.56&apos;, os.name: &apos;Windows 10&apos;, os.arch: &apos;amd64&apos;, os.version: &apos;10.0&apos;, java.version: &apos;1.8.0_77&apos;
Driver info: driver.version: unknown
	at &lt;anonymous class&gt;.FirefoxDriver.prototype.findElementInternal_(file:///C:/Users/mcs/AppData/Local/Temp/anonymous3573047924813692875webdriver-profile/extensions/fxdriver@googlecode.com/components/driver-component.js:10723)
	at &lt;anonymous class&gt;.FirefoxDriver.prototype.findElement(file:///C:/Users/mcs/AppData/Local/Temp/anonymous3573047924813692875webdriver-profile/extensions/fxdriver@googlecode.com/components/driver-component.js:10732)
	at &lt;anonymous class&gt;.DelayedCommand.prototype.executeInternal_/h(file:///C:/Users/mcs/AppData/Local/Temp/anonymous3573047924813692875webdriver-profile/extensions/fxdriver@googlecode.com/components/command-processor.js:12614)
	at &lt;anonymous class&gt;.DelayedCommand.prototype.executeInternal_(file:///C:/Users/mcs/AppData/Local/Temp/anonymous3573047924813692875webdriver-profile/extensions/fxdriver@googlecode.com/components/command-processor.js:12619)
	at &lt;anonymous class&gt;.DelayedCommand.prototype.execute/&lt;(file:///C:/Users/mcs/AppData/Local/Temp/anonymous3573047924813692875webdriver-profile/extensions/fxdriver@googlecode.com/components/command-processor.js:12561)
... Removed 28 stack frames</div></td></tr></table><p class="totop"><a href="#summary">back to summary</a></p><h3 id="m1">com.lh.common.tests.NewLodgementPageTomcatTest#verifyChangeEmailPage</h3><table class="result"></table><p class="totop"><a href="#summary">back to summary</a></p><h3 id="m2">com.lh.common.tests.NewLodgementPageTomcatTest#verifyNewLodgementCFL</h3><table class="result"></table><p class="totop"><a href="#summary">back to summary</a></p></body></html>