<?xml version="1.0" encoding="UTF-8"?>
<testng-results skipped="0" failed="1" total="3" passed="2">
  <reporter-output>
  </reporter-output>
  <suite name="Portal 2 Tomcat 2 Test" duration-ms="31268" started-at="2016-04-14T20:32:42Z" finished-at="2016-04-14T20:33:13Z">
    <groups>
    </groups>
    <test name="Portal2 Tomcat 2 Test Run" duration-ms="31268" started-at="2016-04-14T20:32:42Z" finished-at="2016-04-14T20:33:13Z">
      <class name="com.lh.common.tests.NewLodgementPageTomcatTest">
        <test-method status="PASS" signature="initializeTestBaseSetup(java.lang.String, java.lang.String)[pri:0, instance:com.lh.common.tests.NewLodgementPageTomcatTest@39c0f4a]" name="initializeTestBaseSetup" is-config="true" duration-ms="13061" started-at="2016-04-15T06:32:42Z" finished-at="2016-04-15T06:32:55Z">
          <params>
            <param index="0">
              <value>
                <![CDATA[firefox]]>
              </value>
            </param>
            <param index="1">
              <value>
                <![CDATA[https://ws-tomcat-test.custman.com.au:8443/]]>
              </value>
            </param>
          </params>
          <reporter-output>
          </reporter-output>
        </test-method> <!-- initializeTestBaseSetup -->
        <test-method status="PASS" signature="setUp()[pri:0, instance:com.lh.common.tests.NewLodgementPageTomcatTest@39c0f4a]" name="setUp" is-config="true" duration-ms="8" started-at="2016-04-15T06:32:55Z" finished-at="2016-04-15T06:32:55Z">
          <reporter-output>
          </reporter-output>
        </test-method> <!-- setUp -->
        <test-method status="PASS" signature="verifyChangeEmailPage()[pri:0, instance:com.lh.common.tests.NewLodgementPageTomcatTest@39c0f4a]" name="verifyChangeEmailPage" duration-ms="9467" started-at="2016-04-15T06:32:55Z" finished-at="2016-04-15T06:33:04Z">
          <reporter-output>
          </reporter-output>
        </test-method> <!-- verifyChangeEmailPage -->
        <test-method status="PASS" signature="verifyNewLodgementCFL()[pri:0, instance:com.lh.common.tests.NewLodgementPageTomcatTest@39c0f4a]" name="verifyNewLodgementCFL" duration-ms="7880" started-at="2016-04-15T06:33:04Z" finished-at="2016-04-15T06:33:12Z">
          <reporter-output>
          </reporter-output>
        </test-method> <!-- verifyNewLodgementCFL -->
        <test-method status="FAIL" signature="verifyNewLodgementPageTitle()[pri:0, instance:com.lh.common.tests.NewLodgementPageTomcatTest@39c0f4a]" name="verifyNewLodgementPageTitle" duration-ms="40" started-at="2016-04-15T06:33:12Z" finished-at="2016-04-15T06:33:12Z">
          <exception class="org.openqa.selenium.NoSuchElementException">
            <message>
              <![CDATA[Unable to locate element: {"method":"xpath","selector":"//span[@id='NewLodgementMenuText']"}
Command duration or timeout: 32 milliseconds
For documentation on this error, please visit: http://seleniumhq.org/exceptions/no_such_element.html
Build info: version: '2.52.0', revision: '4c2593c', time: '2016-02-11 19:03:33'
System info: host: 'biggy', ip: '192.168.1.56', os.name: 'Windows 10', os.arch: 'amd64', os.version: '10.0', java.version: '1.8.0_77'
Driver info: org.openqa.selenium.firefox.FirefoxDriver
Capabilities [{applicationCacheEnabled=true, rotatable=false, handlesAlerts=true, databaseEnabled=true, version=41.0.2, platform=WINDOWS, nativeEvents=false, acceptSslCerts=true, webStorageEnabled=true, locationContextEnabled=true, browserName=firefox, takesScreenshot=true, javascriptEnabled=true, cssSelectorsEnabled=true}]
Session ID: d2495ccb-b95e-442c-a47f-5d0a241f9c4c
*** Element info: {Using=xpath, value=//span[@id='NewLodgementMenuText']}]]>
            </message>
            <full-stacktrace>
              <![CDATA[org.openqa.selenium.NoSuchElementException: Unable to locate element: {"method":"xpath","selector":"//span[@id='NewLodgementMenuText']"}
Command duration or timeout: 32 milliseconds
For documentation on this error, please visit: http://seleniumhq.org/exceptions/no_such_element.html
Build info: version: '2.52.0', revision: '4c2593c', time: '2016-02-11 19:03:33'
System info: host: 'biggy', ip: '192.168.1.56', os.name: 'Windows 10', os.arch: 'amd64', os.version: '10.0', java.version: '1.8.0_77'
Driver info: org.openqa.selenium.firefox.FirefoxDriver
Capabilities [{applicationCacheEnabled=true, rotatable=false, handlesAlerts=true, databaseEnabled=true, version=41.0.2, platform=WINDOWS, nativeEvents=false, acceptSslCerts=true, webStorageEnabled=true, locationContextEnabled=true, browserName=firefox, takesScreenshot=true, javascriptEnabled=true, cssSelectorsEnabled=true}]
Session ID: d2495ccb-b95e-442c-a47f-5d0a241f9c4c
*** Element info: {Using=xpath, value=//span[@id='NewLodgementMenuText']}
	at sun.reflect.NativeConstructorAccessorImpl.newInstance0(Native Method)
	at sun.reflect.NativeConstructorAccessorImpl.newInstance(Unknown Source)
	at sun.reflect.DelegatingConstructorAccessorImpl.newInstance(Unknown Source)
	at java.lang.reflect.Constructor.newInstance(Unknown Source)
	at org.openqa.selenium.remote.ErrorHandler.createThrowable(ErrorHandler.java:206)
	at org.openqa.selenium.remote.ErrorHandler.throwIfResponseFailed(ErrorHandler.java:158)
	at org.openqa.selenium.remote.RemoteWebDriver.execute(RemoteWebDriver.java:678)
	at org.openqa.selenium.remote.RemoteWebDriver.findElement(RemoteWebDriver.java:363)
	at org.openqa.selenium.remote.RemoteWebDriver.findElementByXPath(RemoteWebDriver.java:500)
	at org.openqa.selenium.By$ByXPath.findElement(By.java:361)
	at org.openqa.selenium.remote.RemoteWebDriver.findElement(RemoteWebDriver.java:355)
	at com.lh.common.pageobjects.SignInPageTomcat.clickonNewLodgementLink(SignInPageTomcat.java:78)
	at com.lh.common.tests.NewLodgementPageTomcatTest.verifyNewLodgementPageTitle(NewLodgementPageTomcatTest.java:82)
	at sun.reflect.NativeMethodAccessorImpl.invoke0(Native Method)
	at sun.reflect.NativeMethodAccessorImpl.invoke(Unknown Source)
	at sun.reflect.DelegatingMethodAccessorImpl.invoke(Unknown Source)
	at java.lang.reflect.Method.invoke(Unknown Source)
	at org.testng.internal.MethodInvocationHelper.invokeMethod(MethodInvocationHelper.java:85)
	at org.testng.internal.Invoker.invokeMethod(Invoker.java:639)
	at org.testng.internal.Invoker.invokeTestMethod(Invoker.java:816)
	at org.testng.internal.Invoker.invokeTestMethods(Invoker.java:1124)
	at org.testng.internal.TestMethodWorker.invokeTestMethods(TestMethodWorker.java:125)
	at org.testng.internal.TestMethodWorker.run(TestMethodWorker.java:108)
	at org.testng.TestRunner.privateRun(TestRunner.java:774)
	at org.testng.TestRunner.run(TestRunner.java:624)
	at org.testng.SuiteRunner.runTest(SuiteRunner.java:359)
	at org.testng.SuiteRunner.runSequentially(SuiteRunner.java:354)
	at org.testng.SuiteRunner.privateRun(SuiteRunner.java:312)
	at org.testng.SuiteRunner.run(SuiteRunner.java:261)
	at org.testng.SuiteRunnerWorker.runSuite(SuiteRunnerWorker.java:52)
	at org.testng.SuiteRunnerWorker.run(SuiteRunnerWorker.java:86)
	at org.testng.TestNG.runSuitesSequentially(TestNG.java:1215)
	at org.testng.TestNG.runSuitesLocally(TestNG.java:1140)
	at org.testng.TestNG.run(TestNG.java:1048)
	at org.testng.remote.AbstractRemoteTestNG.run(AbstractRemoteTestNG.java:126)
	at org.testng.remote.RemoteTestNG.initAndRun(RemoteTestNG.java:137)
	at org.testng.remote.RemoteTestNG.main(RemoteTestNG.java:58)
Caused by: org.openqa.selenium.NoSuchElementException: Unable to locate element: {"method":"xpath","selector":"//span[@id='NewLodgementMenuText']"}
For documentation on this error, please visit: http://seleniumhq.org/exceptions/no_such_element.html
Build info: version: '2.52.0', revision: '4c2593c', time: '2016-02-11 19:03:33'
System info: host: 'biggy', ip: '192.168.1.56', os.name: 'Windows 10', os.arch: 'amd64', os.version: '10.0', java.version: '1.8.0_77'
Driver info: driver.version: unknown
	at <anonymous class>.FirefoxDriver.prototype.findElementInternal_(file:///C:/Users/mcs/AppData/Local/Temp/anonymous3573047924813692875webdriver-profile/extensions/fxdriver@googlecode.com/components/driver-component.js:10723)
	at <anonymous class>.FirefoxDriver.prototype.findElement(file:///C:/Users/mcs/AppData/Local/Temp/anonymous3573047924813692875webdriver-profile/extensions/fxdriver@googlecode.com/components/driver-component.js:10732)
	at <anonymous class>.DelayedCommand.prototype.executeInternal_/h(file:///C:/Users/mcs/AppData/Local/Temp/anonymous3573047924813692875webdriver-profile/extensions/fxdriver@googlecode.com/components/command-processor.js:12614)
	at <anonymous class>.DelayedCommand.prototype.executeInternal_(file:///C:/Users/mcs/AppData/Local/Temp/anonymous3573047924813692875webdriver-profile/extensions/fxdriver@googlecode.com/components/command-processor.js:12619)
	at <anonymous class>.DelayedCommand.prototype.execute/<(file:///C:/Users/mcs/AppData/Local/Temp/anonymous3573047924813692875webdriver-profile/extensions/fxdriver@googlecode.com/components/command-processor.js:12561)
]]>
            </full-stacktrace>
          </exception> <!-- org.openqa.selenium.NoSuchElementException -->
          <reporter-output>
          </reporter-output>
        </test-method> <!-- verifyNewLodgementPageTitle -->
        <test-method status="PASS" signature="tearDown()[pri:0, instance:com.lh.common.tests.NewLodgementPageTomcatTest@39c0f4a]" name="tearDown" is-config="true" duration-ms="782" started-at="2016-04-15T06:33:12Z" finished-at="2016-04-15T06:33:13Z">
          <reporter-output>
          </reporter-output>
        </test-method> <!-- tearDown -->
        <test-method status="PASS" signature="setDown()[pri:0, instance:com.lh.common.tests.NewLodgementPageTomcatTest@39c0f4a]" name="setDown" is-config="true" duration-ms="0" started-at="2016-04-15T06:33:12Z" finished-at="2016-04-15T06:33:12Z">
          <reporter-output>
          </reporter-output>
        </test-method> <!-- setDown -->
      </class> <!-- com.lh.common.tests.NewLodgementPageTomcatTest -->
    </test> <!-- Portal2 Tomcat 2 Test Run -->
  </suite> <!-- Portal 2 Tomcat 2 Test -->
</testng-results>
